# JRE version: OpenJDK Runtime Environment Temurin-17.0.1+12 (17.0.1+12) (build 17.0.1+12)
# Java VM: OpenJDK 64-Bit Server VM Temurin-17.0.1+12 (17.0.1+12, mixed mode, sharing, tiered, compressed oops, compressed class ptrs, g1 gc, windows-amd64)
GC Precious Log:
 CPUs: 12 total, 12 available
 Memory: 3406M
 Large Page Support: Disabled
 NUMA Support: Disabled
 Compressed Oops: Enabled (32-bit)
 Heap Region Size: 1M
 Heap Min Capacity: 8M
 Heap Initial Capacity: 54M
 Heap Max Capacity: 852M
 Pre-touch: Disabled
 Parallel Workers: 10
 Concurrent Workers: 3
 Concurrent Refinement Workers: 10
 Periodic GC: Disabled
Heap:
 garbage-first heap   total 348160K, used 214280K [0x00000000cac00000, 0x0000000100000000)
  region size 1024K, 3 young (3072K), 3 survivors (3072K)
 Metaspace       used 17658K, committed 17920K, reserved 1064960K
  class space    used 2588K, committed 2688K, reserved 1048576K
GC Heap History (16 events):
Event: 2.321 GC heap before
{Heap before GC invocations=0 (full 0):
 garbage-first heap   total 55296K, used 22528K [0x00000000cac00000, 0x0000000100000000)
  region size 1024K, 23 young (23552K), 0 survivors (0K)
 Metaspace       used 6308K, committed 6464K, reserved 1056768K
  class space    used 766K, committed 832K, reserved 1048576K
}
Event: 2.326 GC heap after
{Heap after GC invocations=1 (full 0):
 garbage-first heap   total 55296K, used 3356K [0x00000000cac00000, 0x0000000100000000)
  region size 1024K, 3 young (3072K), 3 survivors (3072K)
 Metaspace       used 6308K, committed 6464K, reserved 1056768K
  class space    used 766K, committed 832K, reserved 1048576K
}
Event: 2.921 GC heap before
{Heap before GC invocations=1 (full 0):
 garbage-first heap   total 55296K, used 20764K [0x00000000cac00000, 0x0000000100000000)
  region size 1024K, 17 young (17408K), 3 survivors (3072K)
 Metaspace       used 9291K, committed 9472K, reserved 1064960K
  class space    used 1247K, committed 1344K, reserved 1048576K
}
Event: 2.929 GC heap after
{Heap after GC invocations=2 (full 0):
 garbage-first heap   total 55296K, used 9848K [0x00000000cac00000, 0x0000000100000000)
  region size 1024K, 3 young (3072K), 3 survivors (3072K)
 Metaspace       used 9291K, committed 9472K, reserved 1064960K
  class space    used 1247K, committed 1344K, reserved 1048576K
}
Event: 3.675 GC heap before
{Heap before GC invocations=2 (full 0):
 garbage-first heap   total 132096K, used 100984K [0x00000000cac00000, 0x0000000100000000)
  region size 1024K, 4 young (4096K), 3 survivors (3072K)
 Metaspace       used 9347K, committed 9536K, reserved 1064960K
  class space    used 1257K, committed 1344K, reserved 1048576K
}
Event: 3.680 GC heap after
{Heap after GC invocations=3 (full 0):
 garbage-first heap   total 132096K, used 101378K [0x00000000cac00000, 0x0000000100000000)
  region size 1024K, 1 young (1024K), 1 survivors (1024K)
 Metaspace       used 9347K, committed 9536K, reserved 1064960K
  class space    used 1257K, committed 1344K, reserved 1048576K
}
Event: 4.356 GC heap before
{Heap before GC invocations=4 (full 0):
 garbage-first heap   total 181248K, used 114690K [0x00000000cac00000, 0x0000000100000000)
  region size 1024K, 8 young (8192K), 1 survivors (1024K)
 Metaspace       used 11275K, committed 11456K, reserved 1064960K
  class space    used 1575K, committed 1664K, reserved 1048576K
}
Event: 4.358 GC heap after
{Heap after GC invocations=5 (full 0):
 garbage-first heap   total 181248K, used 107518K [0x00000000cac00000, 0x0000000100000000)
  region size 1024K, 1 young (1024K), 1 survivors (1024K)
 Metaspace       used 11275K, committed 11456K, reserved 1064960K
  class space    used 1575K, committed 1664K, reserved 1048576K
}
Event: 4.580 GC heap before
{Heap before GC invocations=5 (full 0):
 garbage-first heap   total 181248K, used 112638K [0x00000000cac00000, 0x0000000100000000)
  region size 1024K, 7 young (7168K), 1 survivors (1024K)
 Metaspace       used 12675K, committed 12928K, reserved 1064960K
  class space    used 1744K, committed 1856K, reserved 1048576K
}
Event: 4.582 GC heap after
{Heap after GC invocations=6 (full 0):
 garbage-first heap   total 181248K, used 108212K [0x00000000cac00000, 0x0000000100000000)
  region size 1024K, 2 young (2048K), 2 survivors (2048K)
 Metaspace       used 12675K, committed 12928K, reserved 1064960K
  class space    used 1744K, committed 1856K, reserved 1048576K
}
Event: 12.097 GC heap before
{Heap before GC invocations=7 (full 0):
 garbage-first heap   total 188416K, used 133812K [0x00000000cac00000, 0x0000000100000000)
  region size 1024K, 26 young (26624K), 2 survivors (2048K)
 Metaspace       used 17646K, committed 17856K, reserved 1064960K
  class space    used 2588K, committed 2688K, reserved 1048576K
}
Event: 12.168 GC heap after
{Heap after GC invocations=8 (full 0):
 garbage-first heap   total 188416K, used 112712K [0x00000000cac00000, 0x0000000100000000)
  region size 1024K, 4 young (4096K), 4 survivors (4096K)
 Metaspace       used 17646K, committed 17856K, reserved 1064960K
  class space    used 2588K, committed 2688K, reserved 1048576K
}
Event: 12.262 GC heap before
{Heap before GC invocations=9 (full 0):
 garbage-first heap   total 198656K, used 116808K [0x00000000cac00000, 0x0000000100000000)
  region size 1024K, 5 young (5120K), 4 survivors (4096K)
 Metaspace       used 17651K, committed 17856K, reserved 1064960K
  class space    used 2588K, committed 2688K, reserved 1048576K
}
Event: 12.266 GC heap after
{Heap after GC invocations=10 (full 0):
 garbage-first heap   total 198656K, used 116843K [0x00000000cac00000, 0x0000000100000000)
  region size 1024K, 3 young (3072K), 3 survivors (3072K)
 Metaspace       used 17651K, committed 17856K, reserved 1064960K
  class space    used 2588K, committed 2688K, reserved 1048576K
}
Event: 12.721 GC heap before
{Heap before GC invocations=11 (full 0):
 garbage-first heap   total 348160K, used 207979K [0x00000000cac00000, 0x0000000100000000)
  region size 1024K, 4 young (4096K), 3 survivors (3072K)
 Metaspace       used 17658K, committed 17920K, reserved 1064960K
  class space    used 2588K, committed 2688K, reserved 1048576K
}
Event: 12.724 GC heap after
{Heap after GC invocations=12 (full 0):
 garbage-first heap   total 348160K, used 208136K [0x00000000cac00000, 0x0000000100000000)
  region size 1024K, 3 young (3072K), 3 survivors (3072K)
 Metaspace       used 17658K, committed 17920K, reserved 1064960K
  class space    used 2588K, committed 2688K, reserved 1048576K
}

