# JRE version: OpenJDK Runtime Environment Temurin-17.0.1+12 (17.0.1+12) (build 17.0.1+12)
# Java VM: OpenJDK 64-Bit Server VM Temurin-17.0.1+12 (17.0.1+12, mixed mode, sharing, tiered, compressed oops, compressed class ptrs, g1 gc, windows-amd64)
GC Precious Log:
 CPUs: 12 total, 12 available
 Memory: 3406M
 Large Page Support: Disabled
 NUMA Support: Disabled
 Compressed Oops: Enabled (32-bit)
 Heap Region Size: 1M
 Heap Min Capacity: 8M
 Heap Initial Capacity: 54M
 Heap Max Capacity: 852M
 Pre-touch: Disabled
 Parallel Workers: 10
 Concurrent Workers: 3
 Concurrent Refinement Workers: 10
 Periodic GC: Disabled
Heap:
 garbage-first heap   total 227328K, used 116910K [0x00000000cac00000, 0x0000000100000000)
  region size 1024K, 3 young (3072K), 3 survivors (3072K)
 Metaspace       used 17572K, committed 17856K, reserved 1064960K
  class space    used 2522K, committed 2624K, reserved 1048576K
GC Heap History (14 events):
Event: 1.154 GC heap before
{Heap before GC invocations=0 (full 0):
 garbage-first heap   total 55296K, used 22528K [0x00000000cac00000, 0x0000000100000000)
  region size 1024K, 23 young (23552K), 0 survivors (0K)
 Metaspace       used 6451K, committed 6592K, reserved 1056768K
  class space    used 786K, committed 832K, reserved 1048576K
}
Event: 1.159 GC heap after
{Heap after GC invocations=1 (full 0):
 garbage-first heap   total 55296K, used 3245K [0x00000000cac00000, 0x0000000100000000)
  region size 1024K, 3 young (3072K), 3 survivors (3072K)
 Metaspace       used 6451K, committed 6592K, reserved 1056768K
  class space    used 786K, committed 832K, reserved 1048576K
}
Event: 1.447 GC heap before
{Heap before GC invocations=1 (full 0):
 garbage-first heap   total 55296K, used 18605K [0x00000000cac00000, 0x0000000100000000)
  region size 1024K, 15 young (15360K), 3 survivors (3072K)
 Metaspace       used 9161K, committed 9344K, reserved 1064960K
  class space    used 1236K, committed 1344K, reserved 1048576K
}
Event: 1.454 GC heap after
{Heap after GC invocations=2 (full 0):
 garbage-first heap   total 55296K, used 9574K [0x00000000cac00000, 0x0000000100000000)
  region size 1024K, 3 young (3072K), 3 survivors (3072K)
 Metaspace       used 9161K, committed 9344K, reserved 1064960K
  class space    used 1236K, committed 1344K, reserved 1048576K
}
Event: 2.122 GC heap before
{Heap before GC invocations=2 (full 0):
 garbage-first heap   total 134144K, used 101734K [0x00000000cac00000, 0x0000000100000000)
  region size 1024K, 5 young (5120K), 3 survivors (3072K)
 Metaspace       used 9350K, committed 9536K, reserved 1064960K
  class space    used 1257K, committed 1344K, reserved 1048576K
}
Event: 2.124 GC heap after
{Heap after GC invocations=3 (full 0):
 garbage-first heap   total 134144K, used 101090K [0x00000000cac00000, 0x0000000100000000)
  region size 1024K, 3 young (3072K), 3 survivors (3072K)
 Metaspace       used 9350K, committed 9536K, reserved 1064960K
  class space    used 1257K, committed 1344K, reserved 1048576K
}
Event: 2.505 GC heap before
{Heap before GC invocations=4 (full 0):
 garbage-first heap   total 183296K, used 114402K [0x00000000cac00000, 0x0000000100000000)
  region size 1024K, 10 young (10240K), 3 survivors (3072K)
 Metaspace       used 11279K, committed 11456K, reserved 1064960K
  class space    used 1577K, committed 1664K, reserved 1048576K
}
Event: 2.508 GC heap after
{Heap after GC invocations=5 (full 0):
 garbage-first heap   total 183296K, used 107648K [0x00000000cac00000, 0x0000000100000000)
  region size 1024K, 1 young (1024K), 1 survivors (1024K)
 Metaspace       used 11279K, committed 11456K, reserved 1064960K
  class space    used 1577K, committed 1664K, reserved 1048576K
}
Event: 3.117 GC heap before
{Heap before GC invocations=5 (full 0):
 garbage-first heap   total 183296K, used 112768K [0x00000000cac00000, 0x0000000100000000)
  region size 1024K, 7 young (7168K), 1 survivors (1024K)
 Metaspace       used 12680K, committed 12928K, reserved 1064960K
  class space    used 1746K, committed 1856K, reserved 1048576K
}
Event: 3.120 GC heap after
{Heap after GC invocations=6 (full 0):
 garbage-first heap   total 183296K, used 108253K [0x00000000cac00000, 0x0000000100000000)
  region size 1024K, 2 young (2048K), 2 survivors (2048K)
 Metaspace       used 12680K, committed 12928K, reserved 1064960K
  class space    used 1746K, committed 1856K, reserved 1048576K
}
Event: 16.933 GC heap before
{Heap before GC invocations=7 (full 0):
 garbage-first heap   total 188416K, used 135901K [0x00000000cac00000, 0x0000000100000000)
  region size 1024K, 28 young (28672K), 2 survivors (2048K)
 Metaspace       used 17526K, committed 17792K, reserved 1064960K
  class space    used 2522K, committed 2624K, reserved 1048576K
}
Event: 16.940 GC heap after
{Heap after GC invocations=8 (full 0):
 garbage-first heap   total 188416K, used 112678K [0x00000000cac00000, 0x0000000100000000)
  region size 1024K, 4 young (4096K), 4 survivors (4096K)
 Metaspace       used 17526K, committed 17792K, reserved 1064960K
  class space    used 2522K, committed 2624K, reserved 1048576K
}
Event: 17.020 GC heap before
{Heap before GC invocations=9 (full 0):
 garbage-first heap   total 198656K, used 116774K [0x00000000cac00000, 0x0000000100000000)
  region size 1024K, 5 young (5120K), 4 survivors (4096K)
 Metaspace       used 17572K, committed 17856K, reserved 1064960K
  class space    used 2522K, committed 2624K, reserved 1048576K
}
Event: 17.026 GC heap after
{Heap after GC invocations=10 (full 0):
 garbage-first heap   total 198656K, used 116910K [0x00000000cac00000, 0x0000000100000000)
  region size 1024K, 3 young (3072K), 3 survivors (3072K)
 Metaspace       used 17572K, committed 17856K, reserved 1064960K
  class space    used 2522K, committed 2624K, reserved 1048576K
}

